Sat, 09 Jan 2021 13:54:58 GMT | INFO | app.log | Server running on PORT 3000 |
Sat, 09 Jan 2021 13:55:21 GMT | INFO | app.log | Server running on PORT 3000 |
Sat, 09 Jan 2021 13:55:21 GMT | INFO | app.log | Server running on PORT 3000 |
Sat, 09 Jan 2021 13:55:22 GMT | INFO | app.log | Server running on PORT 3000 |
Sat, 09 Jan 2021 13:57:33 GMT | INFO | app.log | Server running on PORT 3000 |
Sat, 09 Jan 2021 14:36:48 GMT | INFO | app.log | Server running on PORT 3000 |
Sat, 09 Jan 2021 14:36:49 GMT | INFO | app.log | Server running on PORT 3000 |
Sat, 09 Jan 2021 14:37:28 GMT | INFO | app.log | Server running on PORT 3000 |
Sat, 09 Jan 2021 14:37:30 GMT | INFO | app.log | Server running on PORT 3000 |
Sat, 09 Jan 2021 14:37:30 GMT | INFO | app.log | Server running on PORT 3000 |
Sat, 09 Jan 2021 14:37:30 GMT | INFO | app.log | Server running on PORT 3000 |
Sat, 09 Jan 2021 14:37:31 GMT | INFO | app.log | Server running on PORT 3000 |
Sat, 09 Jan 2021 14:37:31 GMT | INFO | app.log | Server running on PORT 3000 |
Sat, 09 Jan 2021 14:37:42 GMT | INFO | app.log | Server running on PORT 3000 |
Sat, 09 Jan 2021 14:37:59 GMT | INFO | app.log | Server running on PORT 3000 |
Sat, 09 Jan 2021 14:38:16 GMT | INFO | app.log | Server running on PORT 3000 |
Sat, 09 Jan 2021 14:38:20 GMT | INFO | app.log | Server running on PORT 3000 |
Sat, 09 Jan 2021 14:38:47 GMT | INFO | app.log | Server running on PORT 3000 |
Sat, 09 Jan 2021 14:38:49 GMT | INFO | app.log | Server running on PORT 3000 |
Sat, 09 Jan 2021 14:38:53 GMT | INFO | app.log | Server running on PORT 3000 |
Sat, 09 Jan 2021 14:39:12 GMT | INFO | app.log | Request recieved at /test |data: {"gender":"male","age":10,"name":"Rajat"} |log_data: {"gender":"male","age":10,"name":"Rajat"} |
Sat, 09 Jan 2021 14:39:12 GMT | INFO | app.log | Return success response |data: {"success":true} |log_data: {"gender":"male","age":10,"name":"Rajat"} |
Sat, 09 Jan 2021 14:39:57 GMT | INFO | app.log | Server running on PORT 3000 |
Sat, 09 Jan 2021 14:45:09 GMT | INFO | app.log | Server running on PORT 3000 |
Sat, 09 Jan 2021 14:45:14 GMT | INFO | app.log | Server running on PORT 3000 |
Sat, 09 Jan 2021 14:45:22 GMT | INFO | app.log | Server running on PORT 3000 |
Sat, 09 Jan 2021 14:48:36 GMT | INFO | app.log | Server running on PORT 3000 |
Sat, 09 Jan 2021 14:48:43 GMT | INFO | app.log | Server running on PORT 3000 |
Sat, 09 Jan 2021 14:48:51 GMT | INFO | app.log | Server running on PORT 3000 |
Sat, 09 Jan 2021 14:49:02 GMT | INFO | app.log | Server running on PORT 3000 |
Sat, 09 Jan 2021 14:49:07 GMT | INFO | app.log | Server running on PORT 3000 |
Sat, 09 Jan 2021 14:49:51 GMT | INFO | app.log | Server running on PORT 3000 |
Sat, 09 Jan 2021 14:49:54 GMT | INFO | app.log | Server running on PORT 3000 |
Sat, 09 Jan 2021 14:53:29 GMT | INFO | app.log | Server running on PORT 3000 |
Sat, 09 Jan 2021 14:53:47 GMT | INFO | app.log | Server running on PORT 3000 |
Sat, 09 Jan 2021 14:54:53 GMT | INFO | app.log | Server running on PORT 3000 |
Sat, 09 Jan 2021 14:55:14 GMT | INFO | app.log | Server running on PORT 3000 |
Sat, 09 Jan 2021 14:55:14 GMT | INFO | app.log | Server running on PORT 3000 |
Sat, 09 Jan 2021 14:55:25 GMT | INFO | app.log | Server running on PORT 3000 |
Sat, 09 Jan 2021 14:55:37 GMT | INFO | app.log | Server running on PORT 3000 |
Sat, 09 Jan 2021 14:55:45 GMT | INFO | app.log | Server running on PORT 3000 |
Sat, 09 Jan 2021 14:56:07 GMT | INFO | app.log | Server running on PORT 3000 |data: 678 |
Sat, 09 Jan 2021 14:56:10 GMT | INFO | app.log | Server running on PORT 3000 |
Sat, 09 Jan 2021 14:56:23 GMT | INFO | app.log | Server running on PORT 3000 |
Sat, 09 Jan 2021 14:56:27 GMT | INFO | app.log | Server running on PORT 3000 |
Sat, 09 Jan 2021 14:57:20 GMT | INFO | app.log | Server running on PORT 3000 |
Sat, 09 Jan 2021 14:57:20 GMT | INFO | app.log | Server running on PORT 3000 |
Sat, 09 Jan 2021 14:57:26 GMT | INFO | app.log | Server running on PORT 3000 |
Sat, 09 Jan 2021 14:58:00 GMT | INFO | app.log | Server running on PORT 3000 |
Sat, 09 Jan 2021 14:58:08 GMT | INFO | app.log | Server running on PORT 3000 |
Sat, 09 Jan 2021 14:58:29 GMT | INFO | app.log | Server running on PORT 3000 |
Sat, 09 Jan 2021 14:58:52 GMT | INFO | app.log | Server running on PORT 3000 |
Sat, 09 Jan 2021 14:59:05 GMT | INFO | app.log | Server running on PORT 3000 |
Sat, 09 Jan 2021 14:59:11 GMT | INFO | app.log | Server running on PORT 3000 |
Sat, 09 Jan 2021 15:00:34 GMT | INFO | app.log | Server running on PORT 3000 |
Sat, 09 Jan 2021 15:01:31 GMT | INFO | app.log | Server running on PORT 3000 |
Sat, 09 Jan 2021 15:01:35 GMT | INFO | app.log | Server running on PORT 3000 |
Sat, 09 Jan 2021 15:01:40 GMT | INFO | app.log | Request recieved at /test |data: {"gender":"male","age":10,"name":"Rajat"} |log_data: {"gender":"male","age":10,"name":"Rajat"} |
Sat, 09 Jan 2021 15:01:40 GMT | INFO | app.log | Return success response |data: {"success":true} |log_data: {"gender":"male","age":10,"name":"Rajat"} |
Sat, 09 Jan 2021 15:02:08 GMT | INFO | app.log | Server running on PORT 3000 |
Sat, 09 Jan 2021 15:02:29 GMT | INFO | app.log | Server running on PORT 3000 |log_data: 12345 |
Sat, 09 Jan 2021 15:04:16 GMT | INFO | app.log | Server running on PORT 3000 |log_data: 12345 |
Sat, 09 Jan 2021 15:05:35 GMT | INFO | app.log | Server running on PORT 3000 |log_data: 12345 |
Sat, 09 Jan 2021 15:06:03 GMT | INFO | app.log | Server running on PORT 3000 |log_data: 12345 |
Sat, 09 Jan 2021 15:06:32 GMT | INFO | app.log | Server running on PORT 3000 |log_data: 12345 |
Sat, 09 Jan 2021 15:06:35 GMT | INFO | app.log | Server running on PORT 3000 |log_data: 12345 |
Sat, 09 Jan 2021 15:06:52 GMT | INFO | app.log | Server running on PORT 3000 |thread_id: 29504 |
Sat, 09 Jan 2021 15:07:18 GMT | INFO | app.log | Server running on PORT 3000 |thread_id: 29565 |
Sat, 09 Jan 2021 15:08:59 GMT | INFO | app.log | Server running on PORT 3000 |thread_id: 29655 |
Sat, 09 Jan 2021 15:10:04 GMT | INFO | app.log | Server running on PORT 3000 |thread_id: 29771 |
Sat, 09 Jan 2021 15:10:05 GMT | INFO | app.log | Server running on PORT 3000 |thread_id: 29813 |
Sat, 09 Jan 2021 15:10:07 GMT | INFO | app.log | Server running on PORT 3000 |thread_id: 29834 |
Sat, 09 Jan 2021 15:11:23 GMT | INFO | app.log | Server running on PORT 3000 |thread_id: 29938 |
Sat, 09 Jan 2021 15:12:28 GMT | INFO | app.log | Server running on PORT 3000 |thread_id: 30023 |function_name: "Port Start" |
Sat, 09 Jan 2021 15:12:57 GMT | INFO | app.log | Server running on PORT 3000 |thread_id: 30078 |function_name: "Port Start" |
Sat, 09 Jan 2021 15:13:07 GMT | INFO | app.log | Server running on PORT 3000 |thread_id: 30122 |function_name: "Port Start" |
Sat, 09 Jan 2021 15:13:09 GMT | INFO | app.log | Server running on PORT 3000 |thread_id: 30144 |function_name: "Port Start" |
Sat, 09 Jan 2021 15:13:16 GMT | INFO | app.log | Server running on PORT 3000 |thread_id: 30164 |function_name: "Port Start" |
Sat, 09 Jan 2021 15:13:21 GMT | INFO | app.log | Server running on PORT 3000 |thread_id: 30191 |function_name: "Port Start" |
Sat, 09 Jan 2021 15:14:00 GMT | INFO | app.log | Request recieved at /test |data: {"gender":"male","age":10,"name":"Rajat"} |log_data: {"gender":"male","age":10,"name":"Rajat"} |thread_id: 30191 |function_name: "Port Start" |
Sat, 09 Jan 2021 15:14:00 GMT | INFO | app.log | Return success response |data: {"success":true} |log_data: {"gender":"male","age":10,"name":"Rajat"} |thread_id: 30191 |function_name: "Port Start" |
Sat, 09 Jan 2021 15:14:21 GMT | INFO | app.log | Server running on PORT 3000 |thread_id: 30285 |function_name: "Port Start" |
Sat, 09 Jan 2021 15:15:46 GMT | INFO | app.log | Server running on PORT 3000 |thread_id: 30642 |function_name: "Port Start" |
Sat, 09 Jan 2021 15:15:55 GMT | INFO | app.log | Request recieved at /test |data: {"gender":"male","age":10,"name":"Rajat"} |log_data: {"gender":"male","age":10,"name":"Rajat"} |thread_id: 30642 |function_name: "Port Start" |
Sat, 09 Jan 2021 15:15:55 GMT | INFO | app.log | Return success response |data: {"success":true} |log_data: {"gender":"male","age":10,"name":"Rajat"} |thread_id: 30642 |function_name: "Port Start" |
Sat, 09 Jan 2021 15:16:59 GMT | INFO | app.log | Server running on PORT 3000 |thread_id: 30744 |function_name: "Port Start" |
Sat, 09 Jan 2021 15:19:10 GMT | INFO | app.log | Server running on PORT 3000 |thread_id: 31186 |function_name: "Port Start" |
Sat, 09 Jan 2021 15:19:13 GMT | INFO | app.log | Server running on PORT 3000 |thread_id: 31221 |function_name: "Port Start" |
Sat, 09 Jan 2021 15:21:21 GMT | INFO | app.log | Server running on PORT 3000 |thread_id: 31486 |function_name: "Port Start" |
Sat, 09 Jan 2021 15:21:23 GMT | INFO | app.log | Server running on PORT 3000 |thread_id: 31497 |function_name: "Port Start" |
Sat, 09 Jan 2021 15:24:43 GMT | INFO | app.log | Server running on PORT 3000 |thread_id: 31644 |function_name: "Port Start" |
Sat, 09 Jan 2021 15:24:47 GMT | INFO | app.log | Server running on PORT 3000 |thread_id: 31720 |function_name: "Port Start" |
Sat, 09 Jan 2021 15:26:10 GMT | INFO | app.log | Server running on PORT 3000 |thread_id: 31817 |function_name: "Port Start" |
Sat, 09 Jan 2021 15:31:15 GMT | INFO | app.log | Server running on PORT 3000 |
Sat, 09 Jan 2021 15:31:29 GMT | INFO | app.log | Server running on PORT 3000 |
Sat, 09 Jan 2021 15:32:03 GMT | INFO | app.log | Server running on PORT 3000 |
Sat, 09 Jan 2021 15:32:54 GMT | INFO | app.log | Server running on PORT 3000 |
Sat, 09 Jan 2021 15:32:58 GMT | INFO | app.log | Server running on PORT 3000 |
Sat, 09 Jan 2021 15:33:41 GMT | INFO | app.log | Server running on PORT 3000 |
Sat, 09 Jan 2021 15:33:46 GMT | INFO | app.log | Server running on PORT 3000 |
Sat, 09 Jan 2021 15:34:01 GMT | INFO | app.log | Server running on PORT 3000 |data: "nothing" |
Sat, 09 Jan 2021 15:34:05 GMT | INFO | app.log | Server running on PORT 3000 |data: "nothing" |
Sat, 09 Jan 2021 15:35:39 GMT | INFO | app.log | Server running on PORT 3000 |data: {"file_name":"random","t_id":32677,"f_name":"Port Start"} |
Sat, 09 Jan 2021 15:35:45 GMT | INFO | app.log | Server running on PORT 3000 |data: {"file_name":"random","t_id":32752,"f_name":"Port Start"} |
Sat, 09 Jan 2021 15:36:03 GMT | INFO | app.log | Server running on PORT 3000 |data: {"file_name":"random","thread_id":32772,"fun_name":"Port Start"} |
Sat, 09 Jan 2021 15:36:08 GMT | INFO | app.log | Server running on PORT 3000 |data: {"file_name":"random","thread_id":32842,"fun_name":"Port Start"} |
Sat, 09 Jan 2021 15:36:41 GMT | INFO | app.log | Server running on PORT 3000 |data: {"file_name":"random","thread_id":32870,"fun_name":"Port Start"} |
Sat, 09 Jan 2021 15:36:49 GMT | INFO | app.log | Server running on PORT 3000 |data: {"file_name":"random","thread_id":32926,"fun_name":"Port Start"} |
Sat, 09 Jan 2021 15:38:11 GMT | INFO | app.log | 33000 | Server running on PORT 3000 |data: {"file_name":"random","thread_id":33000,"fun_name":"Port Start"} |
Sat, 09 Jan 2021 15:38:16 GMT | INFO | app.log | 33076 | Server running on PORT 3000 |data: {"file_name":"random","thread_id":33076,"fun_name":"Port Start"} |
Sat, 09 Jan 2021 15:39:22 GMT | 
                INFO | 
                app.log | 
                33122 | 
                undefined
                Server running on PORT 3000 |data: {"file_name":"random","thread_id":33122,"fun_name":"Port Start"} |
Sat, 09 Jan 2021 15:39:27 GMT | 
                INFO | 
                app.log | 
                33184 | 
                Port Start
                Server running on PORT 3000 |data: {"file_name":"random","thread_id":33184,"func_name":"Port Start"} |
Sat, 09 Jan 2021 15:41:03 GMT | 
                INFO | 
                app.log | 
                33385 | 
                Port Start
                Server running on PORT 3000 |data: {"file_name":"random","thread_id":33385,"func_name":"Port Start"} |
Sat, 09 Jan 2021 15:41:05 GMT | 
                INFO | 
                app.log | 
                33440 | 
                Port Start
                Server running on PORT 3000 |data: {"file_name":"random","thread_id":33440,"func_name":"Port Start"} |
Sat, 09 Jan 2021 15:41:18 GMT | 
                INFO | 
                app.log | 
                33485 | 
                Port Start
                Server running on PORT 3000 |data: {"file_name":"random","thread_id":33485,"func_name":"Port Start"} |
Sat, 09 Jan 2021 15:41:20 GMT | 
                INFO | 
                app.log | 
                33540 | 
                Port Start
                Server running on PORT 3000 |data: {"file_name":"random","thread_id":33540,"func_name":"Port Start"} |
Sat, 09 Jan 2021 15:41:21 GMT | 
                INFO | 
                app.log | 
                33560 | 
                Port Start
                Server running on PORT 3000 |data: {"file_name":"random","thread_id":33560,"func_name":"Port Start"} |
Sat, 09 Jan 2021 15:41:42 GMT | 
                INFO | 
                app.log | 
                33599 | 
                Port Start
                Server running on PORT 3000 |data: {"file_name":"app.js","thread_id":33599,"func_name":"Port Start"} |
Sat, 09 Jan 2021 15:41:43 GMT | 
                INFO | 
                app.log | 
                33645 | 
                Port Start
                Server running on PORT 3000 |data: {"file_name":"app.js","thread_id":33645,"func_name":"Port Start"} |
Sat, 09 Jan 2021 15:41:45 GMT | 
                INFO | 
                app.log | 
                33676 | 
                Port Start
                Server running on PORT 3000 |data: {"file_name":"app.js","thread_id":33676,"func_name":"Port Start"} |
Sat, 09 Jan 2021 15:41:46 GMT | 
                INFO | 
                app.log | 
                33704 | 
                Port Start
                Server running on PORT 3000 |data: {"file_name":"app.js","thread_id":33704,"func_name":"Port Start"} |
Sat, 09 Jan 2021 15:42:11 GMT | 
                INFO | 
                app.js | 
                33749 | 
                Port Start
                Server running on PORT 3000 |data: {"file_name":"app.js","thread_id":33749,"func_name":"Port Start"} |
Sat, 09 Jan 2021 15:42:45 GMT | 
                INFO | 
                app.js | 
                33977 | 
                Port Start
                Server running on PORT 3000 |data: {"file_name":"app.js","thread_id":33977,"func_name":"Port Start"} |
Sat, 09 Jan 2021 15:43:41 GMT | INFO | app.js | 34041 | Port Start | Server running on PORT 3000 |data: {"file_name":"app.js","thread_id":34041,"func_name":"Port Start"} |
Sat, 09 Jan 2021 15:44:16 GMT | INFO | app.js | 34098 | Port Start | Server running on PORT 3000 |data: {"file_name":"app.js","thread_id":34098,"func_name":"Port Start"} |
Sat, 09 Jan 2021 15:44:25 GMT | INFO | app.js | 34147 | Port Start | Server running on PORT 3000 |data: {"file_name":"app.js","thread_id":34147,"func_name":"Port Start"} |
Sat, 09 Jan 2021 15:45:39 GMT | INFO | app.js | 34280 | Port Start | Server running on PORT 3000 |data: {"file_name":"app.js","thread_id":34280,"func_name":"Port Start"} |
Sat, 09 Jan 2021 15:46:15 GMT | INFO | app.js | 34314 | Port Start | Server running on PORT 3000 |data: {"file_name":"app.js","thread_id":34314,"func_name":"Port Start"} |
Sat, 09 Jan 2021 15:46:39 GMT | INFO | app.js | 34372 | Port Start | Server running on PORT 3000 |data: {"file_name":"app.js","thread_id":34372,"func_name":"Port Start"} |
Sat, 09 Jan 2021 15:47:06 GMT | INFO | app.js | 34416 | Port Start | Server running on PORT 3000 |
Sat, 09 Jan 2021 15:47:12 GMT | INFO | app.js | 34460 | Port Start | Server running on PORT 3000 |
Sat, 09 Jan 2021 15:47:14 GMT | INFO | app.js | 34483 | Port Start | Server running on PORT 3000 |
Sat, 09 Jan 2021 15:47:44 GMT | INFO | app.js | 34519 | Port Start | Server running on PORT 3000 |
Sat, 09 Jan 2021 15:50:02 GMT | INFO | app.js | 34673 | Port Start | Server running on PORT 3000 |
Sat, 09 Jan 2021 15:50:07 GMT | INFO | undefined | undefined | undefined | Request recieved at /test |
Sat, 09 Jan 2021 15:50:07 GMT | INFO | undefined | undefined | undefined | Return success response |
Sat, 09 Jan 2021 15:50:57 GMT | INFO | app.js | 34774 | Port Start | Server running on PORT 3000 |
Sat, 09 Jan 2021 15:51:03 GMT | INFO | undefined | undefined | undefined | Request recieved at /test |
Sat, 09 Jan 2021 15:51:03 GMT | INFO | undefined | undefined | undefined | Return success response |
Sat, 09 Jan 2021 15:51:29 GMT | INFO | app.js | 34859 | Port Start | Server running on PORT 3000 |
Sat, 09 Jan 2021 15:54:59 GMT | INFO | app.js | 35030 | Port Start | Server running on PORT 3000 |
Sat, 09 Jan 2021 15:55:09 GMT | INFO | app.js | 35078 | Port Start | Server running on PORT 3000 |
Sat, 09 Jan 2021 15:55:13 GMT | INFO | app.js | 35078 | test Function | Request recieved at /test |
Sat, 09 Jan 2021 15:55:13 GMT | INFO | undefined | undefined | undefined | Return success response |
Sat, 09 Jan 2021 15:55:19 GMT | INFO | app.js | 35113 | Port Start | Server running on PORT 3000 |
Sat, 09 Jan 2021 15:55:47 GMT | INFO | app.js | 35151 | Port Start | Server running on PORT 3000 |
Sat, 09 Jan 2021 15:55:51 GMT | INFO | app.js | 35151 | Test Function | Request recieved at /test |
Sat, 09 Jan 2021 15:55:51 GMT | INFO | app.js | 35151 | Port Start | Return success response |
Sat, 09 Jan 2021 15:56:30 GMT | INFO | app.js | 35227 | Port Start | Server running on PORT 3000 |
Sat, 09 Jan 2021 15:56:46 GMT | INFO | app.js | 35275 | Port Start | Server running on PORT 3000 |
Sat, 09 Jan 2021 15:56:48 GMT | INFO | app.js | 35275 | Test Function | Request recieved at /test |
Sat, 09 Jan 2021 15:56:48 GMT | INFO | app.js | 35275 | Test Router | Return success response |
Sat, 09 Jan 2021 15:56:57 GMT | INFO | app.js | 35332 | Port Start | Server running on PORT 3000 |
Sat, 09 Jan 2021 15:56:59 GMT | INFO | app.js | 35351 | Port Start | Server running on PORT 3000 |
Sat, 09 Jan 2021 15:57:01 GMT | INFO | app.js | 35351 | Test Function | Request recieved at /test |
Sat, 09 Jan 2021 15:57:01 GMT | INFO | app.js | 35351 | Test Rout | Return success response |
Sat, 09 Jan 2021 15:57:07 GMT | INFO | app.js | 35351 | Test Function | Request recieved at /test |
Sat, 09 Jan 2021 15:57:07 GMT | ERROR | app.js | 35351 | Test Route | Return error response |
Sat, 09 Jan 2021 15:57:33 GMT | INFO | app.js | 35398 | Port Start | Server running on PORT 3000 |
Sat, 09 Jan 2021 15:57:37 GMT | INFO | app.js | 35398 | Test Function | Request recieved at /test |
Sat, 09 Jan 2021 15:57:37 GMT | ERROR | app.js | 35398 | Test Route | Return error response |
Sat, 09 Jan 2021 15:59:53 GMT | INFO | app.js | 35538 | Port Start | Server running on PORT 3000 |
Sat, 09 Jan 2021 15:59:59 GMT | INFO | app.js | 35538 | Test Function | Request recieved at /test |
Sat, 09 Jan 2021 15:59:59 GMT | INFO | app.js | 35538 | Test Route | Return success response |
Sat, 09 Jan 2021 16:00:12 GMT | INFO | app.js | 35538 | Test Function | Request recieved at /test |
Sat, 09 Jan 2021 16:00:12 GMT | ERROR | app.js | 35538 | Test Route | Return error response |
Sat, 09 Jan 2021 16:01:09 GMT | INFO | app.js | 35652 | Port Start | Server running on PORT 3000 |
Sat, 09 Jan 2021 16:01:12 GMT | INFO | app.js | 35652 | Test Function | Request recieved at /test |
Sat, 09 Jan 2021 16:01:12 GMT | ERROR | undefined | undefined | undefined | Return error response |
Sat, 09 Jan 2021 16:01:21 GMT | INFO | app.js | 35712 | Port Start | Server running on PORT 3000 |
Sat, 09 Jan 2021 16:01:56 GMT | INFO | app.js | 35757 | Port Start | Server running on PORT 3000 |
Sat, 09 Jan 2021 16:01:59 GMT | INFO | app.js | 35757 | Test Function | Request recieved at /test |
Sat, 09 Jan 2021 16:01:59 GMT | ERROR | app.js | 35757 | Test Route | Return error response |
Sat, 09 Jan 2021 16:03:08 GMT | INFO | app.js | 35849 | Port Start | Server running on PORT 3000 |
Sat, 09 Jan 2021 16:03:12 GMT | INFO | app.js | 35849 | Test Function | Request recieved at /test |
Sat, 09 Jan 2021 16:03:12 GMT | ERROR | app.js | 35849 | Test Route | Return error response |
Sat, 09 Jan 2021 16:03:55 GMT | INFO | app.js | 35927 | Port Start | Server running on PORT 3000 |
Sat, 09 Jan 2021 16:03:59 GMT | INFO | app.js | 35927 | Test Route | Request recieved at /test |
Sat, 09 Jan 2021 16:03:59 GMT | ERROR | app.js | 35927 | Test Route | Return error response |
Sat, 09 Jan 2021 16:04:36 GMT | INFO | app.js | 36008 | Port Start | Server running on PORT 3000 |
Sat, 09 Jan 2021 16:05:08 GMT | INFO | app.js | 36110 | Port Start | Server running on PORT 3000 |
Sat, 09 Jan 2021 16:05:50 GMT | INFO | app.js | 36161 | Port Start | Server running on PORT 3000 |
Sat, 09 Jan 2021 16:05:57 GMT | INFO | app.js | 36161 | Test Route | Request recieved at /test |
Sat, 09 Jan 2021 16:05:57 GMT | ERROR | app.js | 36161 | Test Route | Return error response |
[object Promise]
Sat, 09 Jan 2021 16:06:44 GMT | INFO | app.js | 36301 | Port Start | Server running on PORT 3000 |
Sat, 09 Jan 2021 16:06:47 GMT | INFO | app.js | 36301 | Test Route | Request recieved at /test |
Sat, 09 Jan 2021 16:06:47 GMT | ERROR | app.js | 36301 | Test Route | Return error response |
Sat, 09 Jan 2021 16:07:35 GMT | INFO | app.js | 36301 | Test Route | Request recieved at /test |
Sat, 09 Jan 2021 16:07:35 GMT | INFO | app.js | 36301 | Test Route | Return success response |
Sat, 09 Jan 2021 16:07:42 GMT | INFO | app.js | 36400 | Port Start | Server running on PORT 3000 |
Sat, 09 Jan 2021 16:07:50 GMT | INFO | app.js | 36431 | Port Start | Server running on PORT 3000 |
Sat, 09 Jan 2021 16:07:52 GMT | INFO | app.js | 36431 | Test Route | Request recieved at /test |
Sat, 09 Jan 2021 16:07:52 GMT | INFO | app.js | 36431 | Test Route | Return success response |
Sat, 09 Jan 2021 16:08:51 GMT | INFO | app.js | 36491 | Port Start | Server running on PORT 3000 |
Sat, 09 Jan 2021 16:09:38 GMT | INFO | app.js | 36491 | Test Route | Request recieved at /test |
Sat, 09 Jan 2021 16:09:38 GMT | INFO | app.js | 36491 | Test Route | Return success response |
Sat, 09 Jan 2021 16:11:03 GMT | INFO | app.js | 36677 | Port Start | Server running on PORT 3000 |
Sat, 09 Jan 2021 16:11:19 GMT | INFO | app.js | 36677 | Test Route | Request recieved at /test |
Sat, 09 Jan 2021 16:11:19 GMT | INFO | app.js | 36677 | Test Route | Return success response |
Sat, 09 Jan 2021 16:11:36 GMT | INFO | app.js | 36768 | Port Start | Server running on PORT 3000 |
Sat, 09 Jan 2021 16:11:39 GMT | INFO | app.js | 36768 | Test Route | Request recieved at /test |
Sat, 09 Jan 2021 16:11:39 GMT | INFO | app.js | 36768 | Test Route | Return success response |
Sat, 09 Jan 2021 16:11:52 GMT | INFO | app.js | 36768 | Test Route | Request recieved at /test |
Sat, 09 Jan 2021 16:11:52 GMT | ERROR | app.js | 36768 | Test Route | Return error response |
Sat, 09 Jan 2021 16:14:26 GMT | INFO | app.js | 36894 | Port Start | Server running on PORT 3000 |
Sat, 09 Jan 2021 16:14:36 GMT | INFO | app.js | 36894 | Test Route | Request recieved at /test |
Sat, 09 Jan 2021 16:14:36 GMT | ERROR | app.js | 36894 | Test Route | Return error response |
Sat, 09 Jan 2021 16:14:58 GMT | INFO | app.js | 37007 | Port Start | Server running on PORT 3000 |
Sat, 09 Jan 2021 16:15:02 GMT | INFO | app.js | 37007 | Test Route | Request recieved at /test |
Sat, 09 Jan 2021 16:15:02 GMT | ERROR | app.js | 37007 | Test Route | Return error response |
Sat, 09 Jan 2021 16:15:22 GMT | INFO | app.js | 37066 | Port Start | Server running on PORT 3000 |
Sat, 09 Jan 2021 16:15:29 GMT | INFO | app.js | 37108 | Port Start | Server running on PORT 3000 |
Sat, 09 Jan 2021 16:17:15 GMT | INFO | app.js | 37171 | Port Start | Server running on PORT 3000 |
